<?xml version="1.0" encoding="UTF-8"?>
<testng-results ignored="0" total="1" passed="1" failed="0" skipped="0">
  <reporter-output>
  </reporter-output>
  <suite started-at="2021-09-11T17:31:33Z" name="Default suite" finished-at="2021-09-11T17:31:54Z" duration-ms="20774">
    <groups>
    </groups>
    <test started-at="2021-09-11T17:31:33Z" name="Default test" finished-at="2021-09-11T17:31:54Z" duration-ms="20774">
      <class name="addteammate.teammate">
        <test-method signature="f()[pri:0, instance:addteammate.teammate@2a7f1f10]" started-at="2021-09-11T23:01:33Z" name="f" finished-at="2021-09-11T23:01:54Z" duration-ms="20722" status="PASS">
          <reporter-output>
          </reporter-output>
        </test-method> <!-- f -->
      </class> <!-- addteammate.teammate -->
    </test> <!-- Default test -->
  </suite> <!-- Default suite -->
</testng-results>
